<?xml version="1.0" encoding="UTF-8"?>
<testng-results ignored="0" total="1" passed="1" failed="0" skipped="0">
  <reporter-output>
  </reporter-output>
  <suite started-at="2026-03-12T12:43:22 UTC" name="Surefire suite" finished-at="2026-03-12T12:43:35 UTC" duration-ms="12205">
    <groups>
    </groups>
    <test started-at="2026-03-12T12:43:22 UTC" name="Surefire test" finished-at="2026-03-12T12:43:35 UTC" duration-ms="12205">
      <class name="runner.TestSpice">
        <test-method is-config="true" signature="openBrowser()[pri:0, instance:runner.TestSpice@419c5f1a]" started-at="2026-03-12T12:43:22 UTC" name="openBrowser" finished-at="2026-03-12T12:43:26 UTC" duration-ms="3863" status="PASS">
          <reporter-output>
          </reporter-output>
        </test-method> <!-- openBrowser -->
        <test-method signature="testMethod1()[pri:0, instance:runner.TestSpice@419c5f1a]" started-at="2026-03-12T12:43:26 UTC" name="testMethod1" finished-at="2026-03-12T12:43:34 UTC" duration-ms="8127" status="PASS">
          <reporter-output>
          </reporter-output>
        </test-method> <!-- testMethod1 -->
        <test-method is-config="true" signature="closeBrowser()[pri:0, instance:runner.TestSpice@419c5f1a]" started-at="2026-03-12T12:43:34 UTC" name="closeBrowser" finished-at="2026-03-12T12:43:35 UTC" duration-ms="190" status="PASS">
          <reporter-output>
          </reporter-output>
        </test-method> <!-- closeBrowser -->
      </class> <!-- runner.TestSpice -->
    </test> <!-- Surefire test -->
  </suite> <!-- Surefire suite -->
</testng-results>
