<?xml version="1.0" encoding="UTF-8"?>
<testng-results ignored="0" total="1" passed="1" failed="0" skipped="0">
  <reporter-output>
  </reporter-output>
  <suite started-at="2026-03-14T10:33:08 UTC" name="Surefire suite" finished-at="2026-03-14T10:33:14 UTC" duration-ms="6602">
    <groups>
    </groups>
    <test started-at="2026-03-14T10:33:08 UTC" name="Surefire test" finished-at="2026-03-14T10:33:14 UTC" duration-ms="6602">
      <class name="runner.TestSpice">
        <test-method is-config="true" signature="openBrowser()[pri:0, instance:runner.TestSpice@419c5f1a]" started-at="2026-03-14T10:33:08 UTC" name="openBrowser" finished-at="2026-03-14T10:33:10 UTC" duration-ms="1956" status="PASS">
          <reporter-output>
          </reporter-output>
        </test-method> <!-- openBrowser -->
        <test-method signature="testMethod()[pri:0, instance:runner.TestSpice@419c5f1a]" started-at="2026-03-14T10:33:10 UTC" name="testMethod" finished-at="2026-03-14T10:33:14 UTC" duration-ms="4410" status="PASS">
          <reporter-output>
          </reporter-output>
        </test-method> <!-- testMethod -->
        <test-method is-config="true" signature="closeBrowser()[pri:0, instance:runner.TestSpice@419c5f1a]" started-at="2026-03-14T10:33:14 UTC" name="closeBrowser" finished-at="2026-03-14T10:33:14 UTC" duration-ms="148" status="PASS">
          <reporter-output>
          </reporter-output>
        </test-method> <!-- closeBrowser -->
      </class> <!-- runner.TestSpice -->
    </test> <!-- Surefire test -->
  </suite> <!-- Surefire suite -->
</testng-results>
